        -:    0:Source:dominion.c
        -:    0:Graph:dominion.gcno
        -:    0:Data:dominion.gcda
        -:    0:Runs:1
        -:    0:Programs:1
        -:    1:#include "dominion.h"
        -:    2:#include "dominion_helpers.h"
        -:    3:#include "rngs.h"
        -:    4:#include <stdio.h>
        -:    5:#include <math.h>
        -:    6:#include <stdlib.h>
        -:    7:
        -:    8:
        -:    9:/* This file as been modified for assignment 2.
        -:   10:   The function prototypes are defined up top
        -:   11:   and defined at the end of the file */
        -:   12:
        -:   13:/* FUNCTION PROTOTYPES */
        -:   14:int smithyInternal(struct gameState *state, int handPos);
        -:   15:int adventurerInternal(struct gameState *state);
        -:   16:int council_roomInternal(struct gameState *state, int handPos);
        -:   17:int stewardInternal(struct gameState *state, int handPos, int choice1, int choice2, int choice3);
        -:   18:int villageInternal(struct gameState *state, int handPos);
        -:   19:
function compare called 194651 returned 100% blocks executed 100%
   194651:   20:int compare(const void* a, const void* b) {
   194651:   21:  if (*(int*)a > *(int*)b)
branch  0 taken 1% (fallthrough)
branch  1 taken 99%
     2392:   22:    return 1;
   192259:   23:  if (*(int*)a < *(int*)b)
branch  0 taken 26% (fallthrough)
branch  1 taken 74%
    50648:   24:    return -1;
   141611:   25:  return 0;
        -:   26:}
        -:   27:
function newGame called 0 returned 0% blocks executed 0%
    #####:   28:struct gameState* newGame() {
    #####:   29:  struct gameState* g = malloc(sizeof(struct gameState));
    #####:   30:  return g;
        -:   31:}
        -:   32:
function kingdomCards called 0 returned 0% blocks executed 0%
    #####:   33:int* kingdomCards(int k1, int k2, int k3, int k4, int k5, int k6, int k7,
        -:   34:		  int k8, int k9, int k10) {
    #####:   35:  int* k = malloc(10 * sizeof(int));
    #####:   36:  k[0] = k1;
    #####:   37:  k[1] = k2;
    #####:   38:  k[2] = k3;
    #####:   39:  k[3] = k4;
    #####:   40:  k[4] = k5;
    #####:   41:  k[5] = k6;
    #####:   42:  k[6] = k7;
    #####:   43:  k[7] = k8;
    #####:   44:  k[8] = k9;
    #####:   45:  k[9] = k10;
    #####:   46:  return k;
        -:   47:}
        -:   48:
function initializeGame called 4000 returned 100% blocks executed 89%
     4000:   49:int initializeGame(int numPlayers, int kingdomCards[10], int randomSeed,
        -:   50:		   struct gameState *state) {
        -:   51:
        -:   52:  int i;
        -:   53:  int j;
        -:   54:  int it;
        -:   55:  //set up random number generator
     4000:   56:  SelectStream(1);
call    0 returned 100%
     4000:   57:  PutSeed((long)randomSeed);
call    0 returned 100%
        -:   58:
        -:   59:  //check number of players
     4000:   60:  if (numPlayers > MAX_PLAYERS || numPlayers < 2)
branch  0 taken 100% (fallthrough)
branch  1 taken 0%
branch  2 taken 0% (fallthrough)
branch  3 taken 100%
        -:   61:    {
    #####:   62:      return -1;
        -:   63:    }
        -:   64:
        -:   65:  //set number of players
     4000:   66:  state->numPlayers = numPlayers;
        -:   67:
        -:   68:  //check selected kingdom cards are different
    44000:   69:  for (i = 0; i < 10; i++)
branch  0 taken 91%
branch  1 taken 9% (fallthrough)
        -:   70:    {
   440000:   71:      for (j = 0; j < 10; j++)
branch  0 taken 91%
branch  1 taken 9% (fallthrough)
        -:   72:        {
   400000:   73:	  if (j != i && kingdomCards[j] == kingdomCards[i])
branch  0 taken 90% (fallthrough)
branch  1 taken 10%
branch  2 taken 0% (fallthrough)
branch  3 taken 100%
        -:   74:	    {
    #####:   75:	      return -1;
        -:   76:	    }
        -:   77:        }
        -:   78:    }
        -:   79:
        -:   80:
        -:   81:  //initialize supply
        -:   82:  ///////////////////////////////
        -:   83:
        -:   84:  //set number of Curse cards
     4000:   85:  if (numPlayers == 2)
branch  0 taken 36% (fallthrough)
branch  1 taken 64%
        -:   86:    {
     1450:   87:      state->supplyCount[curse] = 10;
        -:   88:    }
     2550:   89:  else if (numPlayers == 3)
branch  0 taken 49% (fallthrough)
branch  1 taken 51%
        -:   90:    {
     1250:   91:      state->supplyCount[curse] = 20;
        -:   92:    }
        -:   93:  else
        -:   94:    {
     1300:   95:      state->supplyCount[curse] = 30;
        -:   96:    }
        -:   97:
        -:   98:  //set number of Victory cards
     4000:   99:  if (numPlayers == 2)
branch  0 taken 36% (fallthrough)
branch  1 taken 64%
        -:  100:    {
     1450:  101:      state->supplyCount[estate] = 8;
     1450:  102:      state->supplyCount[duchy] = 8;
     1450:  103:      state->supplyCount[province] = 8;
        -:  104:    }
        -:  105:  else
        -:  106:    {
     2550:  107:      state->supplyCount[estate] = 12;
     2550:  108:      state->supplyCount[duchy] = 12;
     2550:  109:      state->supplyCount[province] = 12;
        -:  110:    }
        -:  111:
        -:  112:  //set number of Treasure cards
     4000:  113:  state->supplyCount[copper] = 60 - (7 * numPlayers);
     4000:  114:  state->supplyCount[silver] = 40;
     4000:  115:  state->supplyCount[gold] = 30;
        -:  116:
        -:  117:  //set number of Kingdom cards
    84000:  118:  for (i = adventurer; i <= treasure_map; i++)       	//loop all cards
branch  0 taken 95%
branch  1 taken 5% (fallthrough)
        -:  119:    {
   772000:  120:      for (j = 0; j < 10; j++)           		//loop chosen cards
branch  0 taken 93%
branch  1 taken 7% (fallthrough)
        -:  121:	{
   716000:  122:	  if (kingdomCards[j] == i)
branch  0 taken 3% (fallthrough)
branch  1 taken 97%
        -:  123:	    {
        -:  124:	      //check if card is a 'Victory' Kingdom card
    24000:  125:	      if (kingdomCards[j] == great_hall || kingdomCards[j] == gardens)
branch  0 taken 100% (fallthrough)
branch  1 taken 0%
branch  2 taken 0% (fallthrough)
branch  3 taken 100%
        -:  126:		{
    #####:  127:		  if (numPlayers == 2){
branch  0 never executed
branch  1 never executed
    #####:  128:		    state->supplyCount[i] = 8;
        -:  129:		  }
    #####:  130:		  else{ state->supplyCount[i] = 12; }
        -:  131:		}
        -:  132:	      else
        -:  133:		{
    24000:  134:		  state->supplyCount[i] = 10;
        -:  135:		}
    24000:  136:	      break;
        -:  137:	    }
        -:  138:	  else    //card is not in the set choosen for the game
        -:  139:	    {
   692000:  140:	      state->supplyCount[i] = -1;
        -:  141:	    }
        -:  142:	}
        -:  143:
        -:  144:    }
        -:  145:
        -:  146:  ////////////////////////
        -:  147:  //supply intilization complete
        -:  148:
        -:  149:  //set player decks
    15850:  150:  for (i = 0; i < numPlayers; i++)
branch  0 taken 75%
branch  1 taken 25% (fallthrough)
        -:  151:    {
    11850:  152:      state->deckCount[i] = 0;
    47400:  153:      for (j = 0; j < 3; j++)
branch  0 taken 75%
branch  1 taken 25% (fallthrough)
        -:  154:	{
    35550:  155:	  state->deck[i][j] = estate;
    35550:  156:	  state->deckCount[i]++;
        -:  157:	}
    94800:  158:      for (j = 3; j < 10; j++)
branch  0 taken 88%
branch  1 taken 13% (fallthrough)
        -:  159:	{
    82950:  160:	  state->deck[i][j] = copper;
    82950:  161:	  state->deckCount[i]++;
        -:  162:	}
        -:  163:    }
        -:  164:
        -:  165:  //shuffle player decks
    15850:  166:  for (i = 0; i < numPlayers; i++)
branch  0 taken 75%
branch  1 taken 25% (fallthrough)
        -:  167:    {
    11850:  168:      if ( shuffle(i, state) < 0 )
call    0 returned 100%
branch  1 taken 0% (fallthrough)
branch  2 taken 100%
        -:  169:	{
    #####:  170:	  return -1;
        -:  171:	}
        -:  172:    }
        -:  173:
        -:  174:  //draw player hands
    15850:  175:  for (i = 0; i < numPlayers; i++)
branch  0 taken 75%
branch  1 taken 25% (fallthrough)
        -:  176:    {
        -:  177:      //initialize hand size to zero
    11850:  178:      state->handCount[i] = 0;
    11850:  179:      state->discardCount[i] = 0;
        -:  180:      //draw 5 cards
        -:  181:      // for (j = 0; j < 5; j++)
        -:  182:      //	{
        -:  183:      //	  drawCard(i, state);
        -:  184:      //	}
        -:  185:    }
        -:  186:
        -:  187:  //set embargo tokens to 0 for all supply piles
   112000:  188:  for (i = 0; i <= treasure_map; i++)
branch  0 taken 96%
branch  1 taken 4% (fallthrough)
        -:  189:    {
   108000:  190:      state->embargoTokens[i] = 0;
        -:  191:    }
        -:  192:
        -:  193:  //initialize first player's turn
     4000:  194:  state->outpostPlayed = 0;
     4000:  195:  state->phase = 0;
     4000:  196:  state->numActions = 1;
     4000:  197:  state->numBuys = 1;
     4000:  198:  state->playedCardCount = 0;
     4000:  199:  state->whoseTurn = 0;
     4000:  200:  state->handCount[state->whoseTurn] = 0;
        -:  201:  //int it; move to top
        -:  202:
        -:  203:  //Moved draw cards to here, only drawing at the start of a turn
    24000:  204:  for (it = 0; it < 5; it++){
branch  0 taken 83%
branch  1 taken 17% (fallthrough)
    20000:  205:    drawCard(state->whoseTurn, state);
call    0 returned 100%
        -:  206:  }
        -:  207:
     4000:  208:  updateCoins(state->whoseTurn, state, 0);
call    0 returned 100%
        -:  209:
     4000:  210:  return 0;
        -:  211:}
        -:  212:
function shuffle called 13850 returned 100% blocks executed 94%
    13850:  213:int shuffle(int player, struct gameState *state) {
        -:  214:
        -:  215:
        -:  216:  int newDeck[MAX_DECK];
    13850:  217:  int newDeckPos = 0;
        -:  218:  int card;
        -:  219:  int i;
        -:  220:
    13850:  221:  if (state->deckCount[player] < 1)
branch  0 taken 0% (fallthrough)
branch  1 taken 100%
    #####:  222:    return -1;
    13850:  223:  qsort ((void*)(state->deck[player]), state->deckCount[player], sizeof(int), compare);
call    0 returned 100%
        -:  224:  /* SORT CARDS IN DECK TO ENSURE DETERMINISM! */
        -:  225:
   158679:  226:  while (state->deckCount[player] > 0) {
branch  0 taken 90%
branch  1 taken 10% (fallthrough)
   130979:  227:    card = floor(Random() * state->deckCount[player]);
call    0 returned 100%
   130979:  228:    newDeck[newDeckPos] = state->deck[player][card];
   130979:  229:    newDeckPos++;
   430942:  230:    for (i = card; i < state->deckCount[player]-1; i++) {
branch  0 taken 70%
branch  1 taken 30% (fallthrough)
   299963:  231:      state->deck[player][i] = state->deck[player][i+1];
        -:  232:    }
   130979:  233:    state->deckCount[player]--;
        -:  234:  }
   144829:  235:  for (i = 0; i < newDeckPos; i++) {
branch  0 taken 90%
branch  1 taken 10% (fallthrough)
   130979:  236:    state->deck[player][i] = newDeck[i];
   130979:  237:    state->deckCount[player]++;
        -:  238:  }
        -:  239:
    13850:  240:  return 0;
        -:  241:}
        -:  242:
function playCard called 0 returned 0% blocks executed 0%
    #####:  243:int playCard(int handPos, int choice1, int choice2, int choice3, struct gameState *state)
        -:  244:{
        -:  245:  int card;
    #####:  246:  int coin_bonus = 0; 		//tracks coins gain from actions
        -:  247:
        -:  248:  //check if it is the right phase
    #####:  249:  if (state->phase != 0)
branch  0 never executed
branch  1 never executed
        -:  250:    {
    #####:  251:      return -1;
        -:  252:    }
        -:  253:
        -:  254:  //check if player has enough actions
    #####:  255:  if ( state->numActions < 1 )
branch  0 never executed
branch  1 never executed
        -:  256:    {
    #####:  257:      return -1;
        -:  258:    }
        -:  259:
        -:  260:  //get card played
    #####:  261:  card = handCard(handPos, state);
call    0 never executed
        -:  262:
        -:  263:  //check if selected card is an action
    #####:  264:  if ( card < adventurer || card > treasure_map )
branch  0 never executed
branch  1 never executed
branch  2 never executed
branch  3 never executed
        -:  265:    {
    #####:  266:      return -1;
        -:  267:    }
        -:  268:
        -:  269:  //play card
    #####:  270:  if ( cardEffect(card, choice1, choice2, choice3, state, handPos, &coin_bonus) < 0 )
call    0 never executed
branch  1 never executed
branch  2 never executed
        -:  271:    {
    #####:  272:      return -1;
        -:  273:    }
        -:  274:
        -:  275:  //reduce number of actions
    #####:  276:  state->numActions--;
        -:  277:
        -:  278:  //update coins (Treasure cards may be added with card draws)
    #####:  279:  updateCoins(state->whoseTurn, state, coin_bonus);
call    0 never executed
        -:  280:
    #####:  281:  return 0;
        -:  282:}
        -:  283:
function buyCard called 0 returned 0% blocks executed 0%
    #####:  284:int buyCard(int supplyPos, struct gameState *state) {
        -:  285:  int who;
        -:  286:  if (DEBUG){
        -:  287:    printf("Entering buyCard...\n");
        -:  288:  }
        -:  289:
        -:  290:  // I don't know what to do about the phase thing.
        -:  291:
    #####:  292:  who = state->whoseTurn;
        -:  293:
    #####:  294:  if (state->numBuys < 1){
branch  0 never executed
branch  1 never executed
        -:  295:    if (DEBUG)
        -:  296:      printf("You do not have any buys left\n");
    #####:  297:    return -1;
    #####:  298:  } else if (supplyCount(supplyPos, state) <1){
call    0 never executed
branch  1 never executed
branch  2 never executed
        -:  299:    if (DEBUG)
        -:  300:      printf("There are not any of that type of card left\n");
    #####:  301:    return -1;
    #####:  302:  } else if (state->coins < getCost(supplyPos)){
call    0 never executed
branch  1 never executed
branch  2 never executed
        -:  303:    if (DEBUG)
        -:  304:      printf("You do not have enough money to buy that. You have %d coins.\n", state->coins);
    #####:  305:    return -1;
        -:  306:  } else {
    #####:  307:    state->phase=1;
        -:  308:    //state->supplyCount[supplyPos]--;
    #####:  309:    gainCard(supplyPos, state, 0, who); //card goes in discard, this might be wrong.. (2 means goes into hand, 0 goes into discard)
call    0 never executed
        -:  310:
    #####:  311:    state->coins = (state->coins) - (getCost(supplyPos));
call    0 never executed
    #####:  312:    state->numBuys--;
        -:  313:    if (DEBUG)
        -:  314:      printf("You bought card number %d for %d coins. You now have %d buys and %d coins.\n", supplyPos, getCost(supplyPos), state->numBuys, state->coins);
        -:  315:  }
        -:  316:
        -:  317:  //state->discard[who][state->discardCount[who]] = supplyPos;
        -:  318:  //state->discardCount[who]++;
        -:  319:
    #####:  320:  return 0;
        -:  321:}
        -:  322:
function numHandCards called 0 returned 0% blocks executed 0%
    #####:  323:int numHandCards(struct gameState *state) {
    #####:  324:  return state->handCount[ whoseTurn(state) ];
call    0 never executed
        -:  325:}
        -:  326:
function handCard called 0 returned 0% blocks executed 0%
    #####:  327:int handCard(int handPos, struct gameState *state) {
    #####:  328:  int currentPlayer = whoseTurn(state);
call    0 never executed
    #####:  329:  return state->hand[currentPlayer][handPos];
        -:  330:}
        -:  331:
function supplyCount called 0 returned 0% blocks executed 0%
    #####:  332:int supplyCount(int card, struct gameState *state) {
    #####:  333:  return state->supplyCount[card];
        -:  334:}
        -:  335:
function fullDeckCount called 0 returned 0% blocks executed 0%
    #####:  336:int fullDeckCount(int player, int card, struct gameState *state) {
        -:  337:  int i;
    #####:  338:  int count = 0;
        -:  339:
    #####:  340:  for (i = 0; i < state->deckCount[player]; i++)
branch  0 never executed
branch  1 never executed
        -:  341:    {
    #####:  342:      if (state->deck[player][i] == card) count++;
branch  0 never executed
branch  1 never executed
        -:  343:    }
        -:  344:
    #####:  345:  for (i = 0; i < state->handCount[player]; i++)
branch  0 never executed
branch  1 never executed
        -:  346:    {
    #####:  347:      if (state->hand[player][i] == card) count++;
branch  0 never executed
branch  1 never executed
        -:  348:    }
        -:  349:
    #####:  350:  for (i = 0; i < state->discardCount[player]; i++)
branch  0 never executed
branch  1 never executed
        -:  351:    {
    #####:  352:      if (state->discard[player][i] == card) count++;
branch  0 never executed
branch  1 never executed
        -:  353:    }
        -:  354:
    #####:  355:  return count;
        -:  356:}
        -:  357:
function whoseTurn called 17775 returned 100% blocks executed 100%
    17775:  358:int whoseTurn(struct gameState *state) {
    17775:  359:  return state->whoseTurn;
        -:  360:}
        -:  361:
function endTurn called 11850 returned 100% blocks executed 100%
    11850:  362:int endTurn(struct gameState *state) {
        -:  363:  int k;
        -:  364:  int i;
    11850:  365:  int currentPlayer = whoseTurn(state);
call    0 returned 100%
        -:  366:
        -:  367:  //Discard hand
    77025:  368:  for (i = 0; i < state->handCount[currentPlayer]; i++){
branch  0 taken 85%
branch  1 taken 15% (fallthrough)
    65175:  369:    state->discard[currentPlayer][state->discardCount[currentPlayer]++] = state->hand[currentPlayer][i];//Discard
    65175:  370:    state->hand[currentPlayer][i] = -1;//Set card to -1
        -:  371:  }
    11850:  372:  state->handCount[currentPlayer] = 0;//Reset hand count
        -:  373:
        -:  374:  //Code for determining the player
    11850:  375:  if (currentPlayer < (state->numPlayers - 1)){
branch  0 taken 66% (fallthrough)
branch  1 taken 34%
     7850:  376:    state->whoseTurn = currentPlayer + 1;//Still safe to increment
        -:  377:  }
        -:  378:  else{
     4000:  379:    state->whoseTurn = 0;//Max player has been reached, loop back around to player 1
        -:  380:  }
        -:  381:
    11850:  382:  state->outpostPlayed = 0;
    11850:  383:  state->phase = 0;
    11850:  384:  state->numActions = 1;
    11850:  385:  state->coins = 0;
    11850:  386:  state->numBuys = 1;
    11850:  387:  state->playedCardCount = 0;
    11850:  388:  state->handCount[state->whoseTurn] = 0;
        -:  389:
        -:  390:  //int k; move to top
        -:  391:  //Next player draws hand
    71100:  392:  for (k = 0; k < 5; k++){
branch  0 taken 83%
branch  1 taken 17% (fallthrough)
    59250:  393:    drawCard(state->whoseTurn, state);//Draw a card
call    0 returned 100%
        -:  394:  }
        -:  395:
        -:  396:  //Update money
    11850:  397:  updateCoins(state->whoseTurn, state , 0);
call    0 returned 100%
        -:  398:
    11850:  399:  return 0;
        -:  400:}
        -:  401:
function isGameOver called 0 returned 0% blocks executed 0%
    #####:  402:int isGameOver(struct gameState *state) {
        -:  403:  int i;
        -:  404:  int j;
        -:  405:
        -:  406:  //if stack of Province cards is empty, the game ends
    #####:  407:  if (state->supplyCount[province] == 0)
branch  0 never executed
branch  1 never executed
        -:  408:    {
    #####:  409:      return 1;
        -:  410:    }
        -:  411:
        -:  412:  //if three supply pile are at 0, the game ends
    #####:  413:  j = 0;
    #####:  414:  for (i = 0; i < 25; i++)
branch  0 never executed
branch  1 never executed
        -:  415:    {
    #####:  416:      if (state->supplyCount[i] == 0)
branch  0 never executed
branch  1 never executed
        -:  417:	{
    #####:  418:	  j++;
        -:  419:	}
        -:  420:    }
    #####:  421:  if ( j >= 3)
branch  0 never executed
branch  1 never executed
        -:  422:    {
    #####:  423:      return 1;
        -:  424:    }
        -:  425:
    #####:  426:  return 0;
        -:  427:}
        -:  428:
function scoreFor called 0 returned 0% blocks executed 0%
    #####:  429:int scoreFor (int player, struct gameState *state) {
        -:  430:
        -:  431:  int i;
    #####:  432:  int score = 0;
        -:  433:  //score from hand
    #####:  434:  for (i = 0; i < state->handCount[player]; i++)
branch  0 never executed
branch  1 never executed
        -:  435:    {
    #####:  436:      if (state->hand[player][i] == curse) { score = score - 1; };
branch  0 never executed
branch  1 never executed
    #####:  437:      if (state->hand[player][i] == estate) { score = score + 1; };
branch  0 never executed
branch  1 never executed
    #####:  438:      if (state->hand[player][i] == duchy) { score = score + 3; };
branch  0 never executed
branch  1 never executed
    #####:  439:      if (state->hand[player][i] == province) { score = score + 6; };
branch  0 never executed
branch  1 never executed
    #####:  440:      if (state->hand[player][i] == great_hall) { score = score + 1; };
branch  0 never executed
branch  1 never executed
    #####:  441:      if (state->hand[player][i] == gardens) { score = score + ( fullDeckCount(player, 0, state) / 10 ); };
branch  0 never executed
branch  1 never executed
call    2 never executed
        -:  442:    }
        -:  443:
        -:  444:  //score from discard
    #####:  445:  for (i = 0; i < state->discardCount[player]; i++)
branch  0 never executed
branch  1 never executed
        -:  446:    {
    #####:  447:      if (state->discard[player][i] == curse) { score = score - 1; };
branch  0 never executed
branch  1 never executed
    #####:  448:      if (state->discard[player][i] == estate) { score = score + 1; };
branch  0 never executed
branch  1 never executed
    #####:  449:      if (state->discard[player][i] == duchy) { score = score + 3; };
branch  0 never executed
branch  1 never executed
    #####:  450:      if (state->discard[player][i] == province) { score = score + 6; };
branch  0 never executed
branch  1 never executed
    #####:  451:      if (state->discard[player][i] == great_hall) { score = score + 1; };
branch  0 never executed
branch  1 never executed
    #####:  452:      if (state->discard[player][i] == gardens) { score = score + ( fullDeckCount(player, 0, state) / 10 ); };
branch  0 never executed
branch  1 never executed
call    2 never executed
        -:  453:    }
        -:  454:
        -:  455:  //score from deck
    #####:  456:  for (i = 0; i < state->discardCount[player]; i++)
branch  0 never executed
branch  1 never executed
        -:  457:    {
    #####:  458:      if (state->deck[player][i] == curse) { score = score - 1; };
branch  0 never executed
branch  1 never executed
    #####:  459:      if (state->deck[player][i] == estate) { score = score + 1; };
branch  0 never executed
branch  1 never executed
    #####:  460:      if (state->deck[player][i] == duchy) { score = score + 3; };
branch  0 never executed
branch  1 never executed
    #####:  461:      if (state->deck[player][i] == province) { score = score + 6; };
branch  0 never executed
branch  1 never executed
    #####:  462:      if (state->deck[player][i] == great_hall) { score = score + 1; };
branch  0 never executed
branch  1 never executed
    #####:  463:      if (state->deck[player][i] == gardens) { score = score + ( fullDeckCount(player, 0, state) / 10 ); };
branch  0 never executed
branch  1 never executed
call    2 never executed
        -:  464:    }
        -:  465:
    #####:  466:  return score;
        -:  467:}
        -:  468:
function getWinners called 0 returned 0% blocks executed 0%
    #####:  469:int getWinners(int players[MAX_PLAYERS], struct gameState *state) {
        -:  470:  int i;
        -:  471:  int j;
        -:  472:  int highScore;
        -:  473:  int currentPlayer;
        -:  474:
        -:  475:  //get score for each player
    #####:  476:  for (i = 0; i < MAX_PLAYERS; i++)
branch  0 never executed
branch  1 never executed
        -:  477:    {
        -:  478:      //set unused player scores to -9999
    #####:  479:      if (i >= state->numPlayers)
branch  0 never executed
branch  1 never executed
        -:  480:	{
    #####:  481:	  players[i] = -9999;
        -:  482:	}
        -:  483:      else
        -:  484:	{
    #####:  485:	  players[i] = scoreFor (i, state);
call    0 never executed
        -:  486:	}
        -:  487:    }
        -:  488:
        -:  489:  //find highest score
    #####:  490:  j = 0;
    #####:  491:  for (i = 0; i < MAX_PLAYERS; i++)
branch  0 never executed
branch  1 never executed
        -:  492:    {
    #####:  493:      if (players[i] > players[j])
branch  0 never executed
branch  1 never executed
        -:  494:	{
    #####:  495:	  j = i;
        -:  496:	}
        -:  497:    }
    #####:  498:  highScore = players[j];
        -:  499:
        -:  500:  //add 1 to players who had less turns
    #####:  501:  currentPlayer = whoseTurn(state);
call    0 never executed
    #####:  502:  for (i = 0; i < MAX_PLAYERS; i++)
branch  0 never executed
branch  1 never executed
        -:  503:    {
    #####:  504:      if ( players[i] == highScore && i > currentPlayer )
branch  0 never executed
branch  1 never executed
branch  2 never executed
branch  3 never executed
        -:  505:	{
    #####:  506:	  players[i]++;
        -:  507:	}
        -:  508:    }
        -:  509:
        -:  510:  //find new highest score
    #####:  511:  j = 0;
    #####:  512:  for (i = 0; i < MAX_PLAYERS; i++)
branch  0 never executed
branch  1 never executed
        -:  513:    {
    #####:  514:      if ( players[i] > players[j] )
branch  0 never executed
branch  1 never executed
        -:  515:	{
    #####:  516:	  j = i;
        -:  517:	}
        -:  518:    }
    #####:  519:  highScore = players[j];
        -:  520:
        -:  521:  //set winners in array to 1 and rest to 0
    #####:  522:  for (i = 0; i < MAX_PLAYERS; i++)
branch  0 never executed
branch  1 never executed
        -:  523:    {
    #####:  524:      if ( players[i] == highScore )
branch  0 never executed
branch  1 never executed
        -:  525:	{
    #####:  526:	  players[i] = 1;
        -:  527:	}
        -:  528:      else
        -:  529:	{
    #####:  530:	  players[i] = 0;
        -:  531:	}
        -:  532:    }
        -:  533:
    #####:  534:  return 0;
        -:  535:}
        -:  536:
function drawCard called 87143 returned 100% blocks executed 92%
    87143:  537:int drawCard(int player, struct gameState *state)
        -:  538:{	int count;
        -:  539:  int deckCounter;
    87143:  540:  if (state->deckCount[player] <= 0){//Deck is empty
branch  0 taken 2% (fallthrough)
branch  1 taken 98%
        -:  541:
        -:  542:    //Step 1 Shuffle the discard pile back into a deck
        -:  543:    int i;
        -:  544:    //Move discard to deck
    14479:  545:    for (i = 0; i < state->discardCount[player];i++){
branch  0 taken 86%
branch  1 taken 14% (fallthrough)
    12479:  546:      state->deck[player][i] = state->discard[player][i];
    12479:  547:      state->discard[player][i] = -1;
        -:  548:    }
        -:  549:
     2000:  550:    state->deckCount[player] = state->discardCount[player];
     2000:  551:    state->discardCount[player] = 0;//Reset discard
        -:  552:
        -:  553:    //Shufffle the deck
     2000:  554:    shuffle(player, state);//Shuffle the deck up and make it so that we can draw
call    0 returned 100%
        -:  555:
        -:  556:    if (DEBUG){//Debug statements
        -:  557:      printf("Deck count now: %d\n", state->deckCount[player]);
        -:  558:    }
        -:  559:
     2000:  560:    state->discardCount[player] = 0;
        -:  561:
        -:  562:    //Step 2 Draw Card
     2000:  563:    count = state->handCount[player];//Get current player's hand count
        -:  564:
        -:  565:    if (DEBUG){//Debug statements
        -:  566:      printf("Current hand count: %d\n", count);
        -:  567:    }
        -:  568:
     2000:  569:    deckCounter = state->deckCount[player];//Create a holder for the deck count
        -:  570:
     2000:  571:    if (deckCounter == 0)
branch  0 taken 0% (fallthrough)
branch  1 taken 100%
    #####:  572:      return -1;
        -:  573:
     2000:  574:    state->hand[player][count] = state->deck[player][deckCounter - 1];//Add card to hand
     2000:  575:    state->deckCount[player]--;
     2000:  576:    state->handCount[player]++;//Increment hand count
        -:  577:  }
        -:  578:
        -:  579:  else{
    85143:  580:    int count = state->handCount[player];//Get current hand count for player
        -:  581:    int deckCounter;
        -:  582:    if (DEBUG){//Debug statements
        -:  583:      printf("Current hand count: %d\n", count);
        -:  584:    }
        -:  585:
    85143:  586:    deckCounter = state->deckCount[player];//Create holder for the deck count
    85143:  587:    state->hand[player][count] = state->deck[player][deckCounter - 1];//Add card to the hand
    85143:  588:    state->deckCount[player]--;
    85143:  589:    state->handCount[player]++;//Increment hand count
        -:  590:  }
        -:  591:
    87143:  592:  return 0;
        -:  593:}
        -:  594:
function getCost called 0 returned 0% blocks executed 0%
    #####:  595:int getCost(int cardNumber)
        -:  596:{
    #####:  597:  switch( cardNumber )
branch  0 never executed
branch  1 never executed
branch  2 never executed
branch  3 never executed
branch  4 never executed
branch  5 never executed
branch  6 never executed
branch  7 never executed
branch  8 never executed
branch  9 never executed
branch 10 never executed
branch 11 never executed
branch 12 never executed
branch 13 never executed
branch 14 never executed
branch 15 never executed
branch 16 never executed
branch 17 never executed
branch 18 never executed
branch 19 never executed
branch 20 never executed
branch 21 never executed
branch 22 never executed
branch 23 never executed
branch 24 never executed
branch 25 never executed
branch 26 never executed
branch 27 never executed
        -:  598:    {
        -:  599:    case curse:
    #####:  600:      return 0;
        -:  601:    case estate:
    #####:  602:      return 2;
        -:  603:    case duchy:
    #####:  604:      return 5;
        -:  605:    case province:
    #####:  606:      return 8;
        -:  607:    case copper:
    #####:  608:      return 0;
        -:  609:    case silver:
    #####:  610:      return 3;
        -:  611:    case gold:
    #####:  612:      return 6;
        -:  613:    case adventurer:
    #####:  614:      return 6;
        -:  615:    case council_room:
    #####:  616:      return 5;
        -:  617:    case feast:
    #####:  618:      return 4;
        -:  619:    case gardens:
    #####:  620:      return 4;
        -:  621:    case mine:
    #####:  622:      return 5;
        -:  623:    case remodel:
    #####:  624:      return 4;
        -:  625:    case smithy:
    #####:  626:      return 4;
        -:  627:    case village:
    #####:  628:      return 3;
        -:  629:    case baron:
    #####:  630:      return 4;
        -:  631:    case great_hall:
    #####:  632:      return 3;
        -:  633:    case minion:
    #####:  634:      return 5;
        -:  635:    case steward:
    #####:  636:      return 3;
        -:  637:    case tribute:
    #####:  638:      return 5;
        -:  639:    case ambassador:
    #####:  640:      return 3;
        -:  641:    case cutpurse:
    #####:  642:      return 4;
        -:  643:    case embargo:
    #####:  644:      return 2;
        -:  645:    case outpost:
    #####:  646:      return 5;
        -:  647:    case salvager:
    #####:  648:      return 4;
        -:  649:    case sea_hag:
    #####:  650:      return 4;
        -:  651:    case treasure_map:
    #####:  652:      return 4;
        -:  653:    }
        -:  654:
    #####:  655:  return -1;
        -:  656:}
        -:  657:
function cardEffect called 0 returned 0% blocks executed 0%
    #####:  658:int cardEffect(int card, int choice1, int choice2, int choice3, struct gameState *state, int handPos, int *bonus)
        -:  659:{
        -:  660:  int i;
        -:  661:  int j;
        -:  662:  int k;
        -:  663:  int x;
        -:  664:  int index;
    #####:  665:  int currentPlayer = whoseTurn(state);
call    0 never executed
    #####:  666:  int nextPlayer = currentPlayer + 1;
        -:  667:
    #####:  668:  int tributeRevealedCards[2] = {-1, -1};
        -:  669:  int temphand[MAX_HAND];// moved above the if statement
    #####:  670:  int drawntreasure=0;
        -:  671:  int cardDrawn;
    #####:  672:  int z = 0;// this is the counter for the temp hand
    #####:  673:  if (nextPlayer > (state->numPlayers - 1)){
branch  0 never executed
branch  1 never executed
    #####:  674:    nextPlayer = 0;
        -:  675:  }
        -:  676:
        -:  677:
        -:  678:  //uses switch to select card and perform actions
    #####:  679:  switch( card )
branch  0 never executed
branch  1 never executed
branch  2 never executed
branch  3 never executed
branch  4 never executed
branch  5 never executed
branch  6 never executed
branch  7 never executed
branch  8 never executed
branch  9 never executed
branch 10 never executed
branch 11 never executed
branch 12 never executed
branch 13 never executed
branch 14 never executed
branch 15 never executed
branch 16 never executed
branch 17 never executed
branch 18 never executed
branch 19 never executed
branch 20 never executed
        -:  680:    {
        -:  681:    case adventurer:
    #####:  682:      return adventurerInternal(state);
call    0 never executed
        -:  683:
        -:  684:    case council_room:
    #####:  685:      return council_roomInternal(state, handPos);
call    0 never executed
        -:  686:
        -:  687:    case feast:
        -:  688:      //gain card with cost up to 5
        -:  689:      //Backup hand
    #####:  690:      for (i = 0; i <= state->handCount[currentPlayer]; i++){
branch  0 never executed
branch  1 never executed
    #####:  691:	temphand[i] = state->hand[currentPlayer][i];//Backup card
    #####:  692:	state->hand[currentPlayer][i] = -1;//Set to nothing
        -:  693:      }
        -:  694:      //Backup hand
        -:  695:
        -:  696:      //Update Coins for Buy
    #####:  697:      updateCoins(currentPlayer, state, 5);
call    0 never executed
    #####:  698:      x = 1;//Condition to loop on
    #####:  699:      while( x == 1) {//Buy one card
branch  0 never executed
branch  1 never executed
    #####:  700:	if (supplyCount(choice1, state) <= 0){
call    0 never executed
branch  1 never executed
branch  2 never executed
        -:  701:	  if (DEBUG)
        -:  702:	    printf("None of that card left, sorry!\n");
        -:  703:
        -:  704:	  if (DEBUG){
        -:  705:	    printf("Cards Left: %d\n", supplyCount(choice1, state));
        -:  706:	  }
        -:  707:	}
    #####:  708:	else if (state->coins < getCost(choice1)){
call    0 never executed
branch  1 never executed
branch  2 never executed
    #####:  709:	  printf("That card is too expensive!\n");
call    0 never executed
        -:  710:
        -:  711:	  if (DEBUG){
        -:  712:	    printf("Coins: %d < %d\n", state->coins, getCost(choice1));
        -:  713:	  }
        -:  714:	}
        -:  715:	else{
        -:  716:
        -:  717:	  if (DEBUG){
        -:  718:	    printf("Deck Count: %d\n", state->handCount[currentPlayer] + state->deckCount[currentPlayer] + state->discardCount[currentPlayer]);
        -:  719:	  }
        -:  720:
    #####:  721:	  gainCard(choice1, state, 0, currentPlayer);//Gain the card
call    0 never executed
    #####:  722:	  x = 0;//No more buying cards
        -:  723:
        -:  724:	  if (DEBUG){
        -:  725:	    printf("Deck Count: %d\n", state->handCount[currentPlayer] + state->deckCount[currentPlayer] + state->discardCount[currentPlayer]);
        -:  726:	  }
        -:  727:
        -:  728:	}
        -:  729:      }
        -:  730:
        -:  731:      //Reset Hand
    #####:  732:      for (i = 0; i <= state->handCount[currentPlayer]; i++){
branch  0 never executed
branch  1 never executed
    #####:  733:	state->hand[currentPlayer][i] = temphand[i];
    #####:  734:	temphand[i] = -1;
        -:  735:      }
        -:  736:      //Reset Hand
        -:  737:
    #####:  738:      return 0;
        -:  739:
        -:  740:    case gardens:
    #####:  741:      return -1;
        -:  742:
        -:  743:    case mine:
    #####:  744:      j = state->hand[currentPlayer][choice1];  //store card we will trash
        -:  745:
    #####:  746:      if (state->hand[currentPlayer][choice1] < copper || state->hand[currentPlayer][choice1] > gold)
branch  0 never executed
branch  1 never executed
branch  2 never executed
branch  3 never executed
        -:  747:	{
    #####:  748:	  return -1;
        -:  749:	}
        -:  750:
    #####:  751:      if (choice2 > treasure_map || choice2 < curse)
branch  0 never executed
branch  1 never executed
branch  2 never executed
branch  3 never executed
        -:  752:	{
    #####:  753:	  return -1;
        -:  754:	}
        -:  755:
    #####:  756:      if ( (getCost(state->hand[currentPlayer][choice1]) + 3) > getCost(choice2) )
call    0 never executed
call    1 never executed
branch  2 never executed
branch  3 never executed
        -:  757:	{
    #####:  758:	  return -1;
        -:  759:	}
        -:  760:
    #####:  761:      gainCard(choice2, state, 2, currentPlayer);
call    0 never executed
        -:  762:
        -:  763:      //discard card from hand
    #####:  764:      discardCard(handPos, currentPlayer, state, 0);
call    0 never executed
        -:  765:
        -:  766:      //discard trashed card
    #####:  767:      for (i = 0; i < state->handCount[currentPlayer]; i++)
branch  0 never executed
branch  1 never executed
        -:  768:	{
    #####:  769:	  if (state->hand[currentPlayer][i] == j)
branch  0 never executed
branch  1 never executed
        -:  770:	    {
    #####:  771:	      discardCard(i, currentPlayer, state, 0);
call    0 never executed
    #####:  772:	      break;
        -:  773:	    }
        -:  774:	}
        -:  775:
    #####:  776:      return 0;
        -:  777:
        -:  778:    case remodel:
    #####:  779:      j = state->hand[currentPlayer][choice1];  //store card we will trash
        -:  780:
    #####:  781:      if ( (getCost(state->hand[currentPlayer][choice1]) + 2) > getCost(choice2) )
call    0 never executed
call    1 never executed
branch  2 never executed
branch  3 never executed
        -:  782:	{
    #####:  783:	  return -1;
        -:  784:	}
        -:  785:
    #####:  786:      gainCard(choice2, state, 0, currentPlayer);
call    0 never executed
        -:  787:
        -:  788:      //discard card from hand
    #####:  789:      discardCard(handPos, currentPlayer, state, 0);
call    0 never executed
        -:  790:
        -:  791:      //discard trashed card
    #####:  792:      for (i = 0; i < state->handCount[currentPlayer]; i++)
branch  0 never executed
branch  1 never executed
        -:  793:	{
    #####:  794:	  if (state->hand[currentPlayer][i] == j)
branch  0 never executed
branch  1 never executed
        -:  795:	    {
    #####:  796:	      discardCard(i, currentPlayer, state, 0);
call    0 never executed
    #####:  797:	      break;
        -:  798:	    }
        -:  799:	}
        -:  800:
        -:  801:
    #####:  802:      return 0;
        -:  803:
        -:  804:    case smithy:
    #####:  805:      return smithyInternal(state, handPos);
call    0 never executed
        -:  806:
        -:  807:    case village:
    #####:  808:      return villageInternal(state, handPos);
call    0 never executed
        -:  809:
        -:  810:    case baron:
    #####:  811:      state->numBuys++;//Increase buys by 1!
    #####:  812:      if (choice1 > 0){//Boolean true or going to discard an estate
branch  0 never executed
branch  1 never executed
    #####:  813:	int p = 0;//Iterator for hand!
    #####:  814:	int card_not_discarded = 1;//Flag for discard set!
    #####:  815:	while(card_not_discarded){
branch  0 never executed
branch  1 never executed
    #####:  816:	  if (state->hand[currentPlayer][p] == estate){//Found an estate card!
branch  0 never executed
branch  1 never executed
    #####:  817:	    state->coins += 4;//Add 4 coins to the amount of coins
    #####:  818:	    state->discard[currentPlayer][state->discardCount[currentPlayer]] = state->hand[currentPlayer][p];
    #####:  819:	    state->discardCount[currentPlayer]++;
    #####:  820:	    for (;p < state->handCount[currentPlayer]; p++){
branch  0 never executed
branch  1 never executed
    #####:  821:	      state->hand[currentPlayer][p] = state->hand[currentPlayer][p+1];
        -:  822:	    }
    #####:  823:	    state->hand[currentPlayer][state->handCount[currentPlayer]] = -1;
    #####:  824:	    state->handCount[currentPlayer]--;
    #####:  825:	    card_not_discarded = 0;//Exit the loop
        -:  826:	  }
    #####:  827:	  else if (p > state->handCount[currentPlayer]){
branch  0 never executed
branch  1 never executed
        -:  828:	    if(DEBUG) {
        -:  829:	      printf("No estate cards in your hand, invalid choice\n");
        -:  830:	      printf("Must gain an estate if there are any\n");
        -:  831:	    }
    #####:  832:	    if (supplyCount(estate, state) > 0){
call    0 never executed
branch  1 never executed
branch  2 never executed
    #####:  833:	      gainCard(estate, state, 0, currentPlayer);
call    0 never executed
    #####:  834:	      state->supplyCount[estate]--;//Decrement estates
    #####:  835:	      if (supplyCount(estate, state) == 0){
call    0 never executed
branch  1 never executed
branch  2 never executed
    #####:  836:		isGameOver(state);
call    0 never executed
        -:  837:	      }
        -:  838:	    }
    #####:  839:	    card_not_discarded = 0;//Exit the loop
        -:  840:	  }
        -:  841:
        -:  842:	  else{
    #####:  843:	    p++;//Next card
        -:  844:	  }
        -:  845:	}
        -:  846:      }
        -:  847:
        -:  848:      else{
    #####:  849:	if (supplyCount(estate, state) > 0){
call    0 never executed
branch  1 never executed
branch  2 never executed
    #####:  850:	  gainCard(estate, state, 0, currentPlayer);//Gain an estate
call    0 never executed
    #####:  851:	  state->supplyCount[estate]--;//Decrement Estates
    #####:  852:	  if (supplyCount(estate, state) == 0){
call    0 never executed
branch  1 never executed
branch  2 never executed
    #####:  853:	    isGameOver(state);
call    0 never executed
        -:  854:	  }
        -:  855:	}
        -:  856:      }
        -:  857:
        -:  858:
    #####:  859:      return 0;
        -:  860:
        -:  861:    case great_hall:
        -:  862:      //+1 Card
    #####:  863:      drawCard(currentPlayer, state);
call    0 never executed
        -:  864:
        -:  865:      //+1 Actions
    #####:  866:      state->numActions++;
        -:  867:
        -:  868:      //discard card from hand
    #####:  869:      discardCard(handPos, currentPlayer, state, 0);
call    0 never executed
    #####:  870:      return 0;
        -:  871:
        -:  872:    case minion:
        -:  873:      //+1 action
    #####:  874:      state->numActions++;
        -:  875:
        -:  876:      //discard card from hand
    #####:  877:      discardCard(handPos, currentPlayer, state, 0);
call    0 never executed
        -:  878:
    #####:  879:      if (choice1)		//+2 coins
branch  0 never executed
branch  1 never executed
        -:  880:	{
    #####:  881:	  state->coins = state->coins + 2;
        -:  882:	}
        -:  883:
    #####:  884:      else if (choice2)		//discard hand, redraw 4, other players with 5+ cards discard hand and draw 4
branch  0 never executed
branch  1 never executed
        -:  885:	{
        -:  886:	  //discard hand
    #####:  887:	  while(numHandCards(state) > 0)
call    0 never executed
branch  1 never executed
branch  2 never executed
        -:  888:	    {
    #####:  889:	      discardCard(handPos, currentPlayer, state, 0);
call    0 never executed
        -:  890:	    }
        -:  891:
        -:  892:	  //draw 4
    #####:  893:	  for (i = 0; i < 4; i++)
branch  0 never executed
branch  1 never executed
        -:  894:	    {
    #####:  895:	      drawCard(currentPlayer, state);
call    0 never executed
        -:  896:	    }
        -:  897:
        -:  898:	  //other players discard hand and redraw if hand size > 4
    #####:  899:	  for (i = 0; i < state->numPlayers; i++)
branch  0 never executed
branch  1 never executed
        -:  900:	    {
    #####:  901:	      if (i != currentPlayer)
branch  0 never executed
branch  1 never executed
        -:  902:		{
    #####:  903:		  if ( state->handCount[i] > 4 )
branch  0 never executed
branch  1 never executed
        -:  904:		    {
        -:  905:		      //discard hand
    #####:  906:		      while( state->handCount[i] > 0 )
branch  0 never executed
branch  1 never executed
        -:  907:			{
    #####:  908:			  discardCard(handPos, i, state, 0);
call    0 never executed
        -:  909:			}
        -:  910:
        -:  911:		      //draw 4
    #####:  912:		      for (j = 0; j < 4; j++)
branch  0 never executed
branch  1 never executed
        -:  913:			{
    #####:  914:			  drawCard(i, state);
call    0 never executed
        -:  915:			}
        -:  916:		    }
        -:  917:		}
        -:  918:	    }
        -:  919:
        -:  920:	}
    #####:  921:      return 0;
        -:  922:
        -:  923:    case steward:
    #####:  924:      return stewardInternal(state, handPos, choice1, choice2, choice3);
call    0 never executed
        -:  925:
        -:  926:    case tribute:
    #####:  927:      if ((state->discardCount[nextPlayer] + state->deckCount[nextPlayer]) <= 1){
branch  0 never executed
branch  1 never executed
    #####:  928:	if (state->deckCount[nextPlayer] > 0){
branch  0 never executed
branch  1 never executed
    #####:  929:	  tributeRevealedCards[0] = state->deck[nextPlayer][state->deckCount[nextPlayer]-1];
    #####:  930:	  state->deckCount[nextPlayer]--;
        -:  931:	}
    #####:  932:	else if (state->discardCount[nextPlayer] > 0){
branch  0 never executed
branch  1 never executed
    #####:  933:	  tributeRevealedCards[0] = state->discard[nextPlayer][state->discardCount[nextPlayer]-1];
    #####:  934:	  state->discardCount[nextPlayer]--;
        -:  935:	}
        -:  936:	else{
        -:  937:	  //No Card to Reveal
        -:  938:	  if (DEBUG){
        -:  939:	    printf("No cards to reveal\n");
        -:  940:	  }
        -:  941:	}
        -:  942:      }
        -:  943:
        -:  944:      else{
    #####:  945:	if (state->deckCount[nextPlayer] == 0){
branch  0 never executed
branch  1 never executed
    #####:  946:	  for (i = 0; i < state->discardCount[nextPlayer]; i++){
branch  0 never executed
branch  1 never executed
    #####:  947:	    state->deck[nextPlayer][i] = state->discard[nextPlayer][i];//Move to deck
    #####:  948:	    state->deckCount[nextPlayer]++;
    #####:  949:	    state->discard[nextPlayer][i] = -1;
    #####:  950:	    state->discardCount[nextPlayer]--;
        -:  951:	  }
        -:  952:
    #####:  953:	  shuffle(nextPlayer,state);//Shuffle the deck
call    0 never executed
        -:  954:	}
    #####:  955:	tributeRevealedCards[0] = state->deck[nextPlayer][state->deckCount[nextPlayer]-1];
    #####:  956:	state->deck[nextPlayer][state->deckCount[nextPlayer]--] = -1;
    #####:  957:	state->deckCount[nextPlayer]--;
    #####:  958:	tributeRevealedCards[1] = state->deck[nextPlayer][state->deckCount[nextPlayer]-1];
    #####:  959:	state->deck[nextPlayer][state->deckCount[nextPlayer]--] = -1;
    #####:  960:	state->deckCount[nextPlayer]--;
        -:  961:      }
        -:  962:
    #####:  963:      if (tributeRevealedCards[0] == tributeRevealedCards[1]){//If we have a duplicate card, just drop one
branch  0 never executed
branch  1 never executed
    #####:  964:	state->playedCards[state->playedCardCount] = tributeRevealedCards[1];
    #####:  965:	state->playedCardCount++;
    #####:  966:	tributeRevealedCards[1] = -1;
        -:  967:      }
        -:  968:
    #####:  969:      for (i = 0; i <= 2; i ++){
branch  0 never executed
branch  1 never executed
    #####:  970:	if (tributeRevealedCards[i] == copper || tributeRevealedCards[i] == silver || tributeRevealedCards[i] == gold){//Treasure cards
branch  0 never executed
branch  1 never executed
branch  2 never executed
branch  3 never executed
branch  4 never executed
branch  5 never executed
    #####:  971:	  state->coins += 2;
        -:  972:	}
        -:  973:
    #####:  974:	else if (tributeRevealedCards[i] == estate || tributeRevealedCards[i] == duchy || tributeRevealedCards[i] == province || tributeRevealedCards[i] == gardens || tributeRevealedCards[i] == great_hall){//Victory Card Found
branch  0 never executed
branch  1 never executed
branch  2 never executed
branch  3 never executed
branch  4 never executed
branch  5 never executed
branch  6 never executed
branch  7 never executed
branch  8 never executed
branch  9 never executed
    #####:  975:	  drawCard(currentPlayer, state);
call    0 never executed
    #####:  976:	  drawCard(currentPlayer, state);
call    0 never executed
        -:  977:	}
        -:  978:	else{//Action Card
    #####:  979:	  state->numActions = state->numActions + 2;
        -:  980:	}
        -:  981:      }
        -:  982:
    #####:  983:      return 0;
        -:  984:
        -:  985:    case ambassador:
    #####:  986:      j = 0;		//used to check if player has enough cards to discard
        -:  987:
    #####:  988:      if (choice2 > 2 || choice2 < 0)
branch  0 never executed
branch  1 never executed
branch  2 never executed
branch  3 never executed
        -:  989:	{
    #####:  990:	  return -1;
        -:  991:	}
        -:  992:
    #####:  993:      if (choice1 == handPos)
branch  0 never executed
branch  1 never executed
        -:  994:	{
    #####:  995:	  return -1;
        -:  996:	}
        -:  997:
    #####:  998:      for (i = 0; i < state->handCount[currentPlayer]; i++)
branch  0 never executed
branch  1 never executed
        -:  999:	{
    #####: 1000:	  if (i != handPos && i == state->hand[currentPlayer][choice1] && i != choice1)
branch  0 never executed
branch  1 never executed
branch  2 never executed
branch  3 never executed
branch  4 never executed
branch  5 never executed
        -: 1001:	    {
    #####: 1002:	      j++;
        -: 1003:	    }
        -: 1004:	}
    #####: 1005:      if (j < choice2)
branch  0 never executed
branch  1 never executed
        -: 1006:	{
    #####: 1007:	  return -1;
        -: 1008:	}
        -: 1009:
        -: 1010:      if (DEBUG)
        -: 1011:	printf("Player %d reveals card number: %d\n", currentPlayer, state->hand[currentPlayer][choice1]);
        -: 1012:
        -: 1013:      //increase supply count for choosen card by amount being discarded
    #####: 1014:      state->supplyCount[state->hand[currentPlayer][choice1]] += choice2;
        -: 1015:
        -: 1016:      //each other player gains a copy of revealed card
    #####: 1017:      for (i = 0; i < state->numPlayers; i++)
branch  0 never executed
branch  1 never executed
        -: 1018:	{
    #####: 1019:	  if (i != currentPlayer)
branch  0 never executed
branch  1 never executed
        -: 1020:	    {
    #####: 1021:	      gainCard(state->hand[currentPlayer][choice1], state, 0, i);
call    0 never executed
        -: 1022:	    }
        -: 1023:	}
        -: 1024:
        -: 1025:      //discard played card from hand
    #####: 1026:      discardCard(handPos, currentPlayer, state, 0);
call    0 never executed
        -: 1027:
        -: 1028:      //trash copies of cards returned to supply
    #####: 1029:      for (j = 0; j < choice2; j++)
branch  0 never executed
branch  1 never executed
        -: 1030:	{
    #####: 1031:	  for (i = 0; i < state->handCount[currentPlayer]; i++)
branch  0 never executed
branch  1 never executed
        -: 1032:	    {
    #####: 1033:	      if (state->hand[currentPlayer][i] == state->hand[currentPlayer][choice1])
branch  0 never executed
branch  1 never executed
        -: 1034:		{
    #####: 1035:		  discardCard(i, currentPlayer, state, 1);
call    0 never executed
    #####: 1036:		  break;
        -: 1037:		}
        -: 1038:	    }
        -: 1039:	}
        -: 1040:
    #####: 1041:      return 0;
        -: 1042:
        -: 1043:    case cutpurse:
        -: 1044:
    #####: 1045:      updateCoins(currentPlayer, state, 2);
call    0 never executed
    #####: 1046:      for (i = 0; i < state->numPlayers; i++)
branch  0 never executed
branch  1 never executed
        -: 1047:	{
    #####: 1048:	  if (i != currentPlayer)
branch  0 never executed
branch  1 never executed
        -: 1049:	    {
    #####: 1050:	      for (j = 0; j < state->handCount[i]; j++)
branch  0 never executed
branch  1 never executed
        -: 1051:		{
    #####: 1052:		  if (state->hand[i][j] == copper)
branch  0 never executed
branch  1 never executed
        -: 1053:		    {
    #####: 1054:		      discardCard(j, i, state, 0);
call    0 never executed
    #####: 1055:		      break;
        -: 1056:		    }
    #####: 1057:		  if (j == state->handCount[i])
branch  0 never executed
branch  1 never executed
        -: 1058:		    {
    #####: 1059:		      for (k = 0; k < state->handCount[i]; k++)
branch  0 never executed
branch  1 never executed
        -: 1060:			{
        -: 1061:			  if (DEBUG)
        -: 1062:			    printf("Player %d reveals card number %d\n", i, state->hand[i][k]);
        -: 1063:			}
    #####: 1064:		      break;
        -: 1065:		    }
        -: 1066:		}
        -: 1067:
        -: 1068:	    }
        -: 1069:
        -: 1070:	}
        -: 1071:
        -: 1072:      //discard played card from hand
    #####: 1073:      discardCard(handPos, currentPlayer, state, 0);
call    0 never executed
        -: 1074:
    #####: 1075:      return 0;
        -: 1076:
        -: 1077:
        -: 1078:    case embargo:
        -: 1079:      //+2 Coins
    #####: 1080:      state->coins = state->coins + 2;
        -: 1081:
        -: 1082:      //see if selected pile is in play
    #####: 1083:      if ( state->supplyCount[choice1] == -1 )
branch  0 never executed
branch  1 never executed
        -: 1084:	{
    #####: 1085:	  return -1;
        -: 1086:	}
        -: 1087:
        -: 1088:      //add embargo token to selected supply pile
    #####: 1089:      state->embargoTokens[choice1]++;
        -: 1090:
        -: 1091:      //trash card
    #####: 1092:      discardCard(handPos, currentPlayer, state, 1);
call    0 never executed
    #####: 1093:      return 0;
        -: 1094:
        -: 1095:    case outpost:
        -: 1096:      //set outpost flag
    #####: 1097:      state->outpostPlayed++;
        -: 1098:
        -: 1099:      //discard card
    #####: 1100:      discardCard(handPos, currentPlayer, state, 0);
call    0 never executed
    #####: 1101:      return 0;
        -: 1102:
        -: 1103:    case salvager:
        -: 1104:      //+1 buy
    #####: 1105:      state->numBuys++;
        -: 1106:
    #####: 1107:      if (choice1)
branch  0 never executed
branch  1 never executed
        -: 1108:	{
        -: 1109:	  //gain coins equal to trashed card
    #####: 1110:	  state->coins = state->coins + getCost( handCard(choice1, state) );
call    0 never executed
call    1 never executed
        -: 1111:	  //trash card
    #####: 1112:	  discardCard(choice1, currentPlayer, state, 1);
call    0 never executed
        -: 1113:	}
        -: 1114:
        -: 1115:      //discard card
    #####: 1116:      discardCard(handPos, currentPlayer, state, 0);
call    0 never executed
    #####: 1117:      return 0;
        -: 1118:
        -: 1119:    case sea_hag:
    #####: 1120:      for (i = 0; i < state->numPlayers; i++){
branch  0 never executed
branch  1 never executed
    #####: 1121:	if (i != currentPlayer){
branch  0 never executed
branch  1 never executed
    #####: 1122:	  state->discard[i][state->discardCount[i]] = state->deck[i][state->deckCount[i]--];			    state->deckCount[i]--;
    #####: 1123:	  state->discardCount[i]++;
    #####: 1124:	  state->deck[i][state->deckCount[i]--] = curse;//Top card now a curse
        -: 1125:	}
        -: 1126:      }
    #####: 1127:      return 0;
        -: 1128:
        -: 1129:    case treasure_map:
        -: 1130:      //search hand for another treasure_map
    #####: 1131:      index = -1;
    #####: 1132:      for (i = 0; i < state->handCount[currentPlayer]; i++)
branch  0 never executed
branch  1 never executed
        -: 1133:	{
    #####: 1134:	  if (state->hand[currentPlayer][i] == treasure_map && i != handPos)
branch  0 never executed
branch  1 never executed
branch  2 never executed
branch  3 never executed
        -: 1135:	    {
    #####: 1136:	      index = i;
    #####: 1137:	      break;
        -: 1138:	    }
        -: 1139:	}
    #####: 1140:      if (index > -1)
branch  0 never executed
branch  1 never executed
        -: 1141:	{
        -: 1142:	  //trash both treasure cards
    #####: 1143:	  discardCard(handPos, currentPlayer, state, 1);
call    0 never executed
    #####: 1144:	  discardCard(index, currentPlayer, state, 1);
call    0 never executed
        -: 1145:
        -: 1146:	  //gain 4 Gold cards
    #####: 1147:	  for (i = 0; i < 4; i++)
branch  0 never executed
branch  1 never executed
        -: 1148:	    {
    #####: 1149:	      gainCard(gold, state, 1, currentPlayer);
call    0 never executed
        -: 1150:	    }
        -: 1151:
        -: 1152:	  //return success
    #####: 1153:	  return 1;
        -: 1154:	}
        -: 1155:
        -: 1156:      //no second treasure_map found in hand
    #####: 1157:      return -1;
        -: 1158:    }
        -: 1159:
    #####: 1160:  return -1;
        -: 1161:}
        -: 1162:
function discardCard called 0 returned 0% blocks executed 0%
    #####: 1163:int discardCard(int handPos, int currentPlayer, struct gameState *state, int trashFlag)
        -: 1164:{
        -: 1165:
        -: 1166:  //if card is not trashed, added to Played pile
    #####: 1167:  if (trashFlag < 1)
branch  0 never executed
branch  1 never executed
        -: 1168:    {
        -: 1169:      //add card to played pile
    #####: 1170:      state->playedCards[state->playedCardCount] = state->hand[currentPlayer][handPos];
    #####: 1171:      state->playedCardCount++;
        -: 1172:    }
        -: 1173:
        -: 1174:  //set played card to -1
    #####: 1175:  state->hand[currentPlayer][handPos] = -1;
        -: 1176:
        -: 1177:  //remove card from player's hand
    #####: 1178:  if ( handPos == (state->handCount[currentPlayer] - 1) ) 	//last card in hand array is played
branch  0 never executed
branch  1 never executed
        -: 1179:    {
        -: 1180:      //reduce number of cards in hand
    #####: 1181:      state->handCount[currentPlayer]--;
        -: 1182:    }
    #####: 1183:  else if ( state->handCount[currentPlayer] == 1 ) //only one card in hand
branch  0 never executed
branch  1 never executed
        -: 1184:    {
        -: 1185:      //reduce number of cards in hand
    #####: 1186:      state->handCount[currentPlayer]--;
        -: 1187:    }
        -: 1188:  else
        -: 1189:    {
        -: 1190:      //replace discarded card with last card in hand
    #####: 1191:      state->hand[currentPlayer][handPos] = state->hand[currentPlayer][ (state->handCount[currentPlayer] - 1)];
        -: 1192:      //set last card to -1
    #####: 1193:      state->hand[currentPlayer][state->handCount[currentPlayer] - 1] = -1;
        -: 1194:      //reduce number of cards in hand
    #####: 1195:      state->handCount[currentPlayer]--;
        -: 1196:    }
        -: 1197:
    #####: 1198:  return 0;
        -: 1199:}
        -: 1200:
function gainCard called 0 returned 0% blocks executed 0%
    #####: 1201:int gainCard(int supplyPos, struct gameState *state, int toFlag, int player)
        -: 1202:{
        -: 1203:  //Note: supplyPos is enum of choosen card
        -: 1204:
        -: 1205:  //check if supply pile is empty (0) or card is not used in game (-1)
    #####: 1206:  if ( supplyCount(supplyPos, state) < 1 )
call    0 never executed
branch  1 never executed
branch  2 never executed
        -: 1207:    {
    #####: 1208:      return -1;
        -: 1209:    }
        -: 1210:
        -: 1211:  //added card for [whoseTurn] current player:
        -: 1212:  // toFlag = 0 : add to discard
        -: 1213:  // toFlag = 1 : add to deck
        -: 1214:  // toFlag = 2 : add to hand
        -: 1215:
    #####: 1216:  if (toFlag == 1)
branch  0 never executed
branch  1 never executed
        -: 1217:    {
    #####: 1218:      state->deck[ player ][ state->deckCount[player] ] = supplyPos;
    #####: 1219:      state->deckCount[player]++;
        -: 1220:    }
    #####: 1221:  else if (toFlag == 2)
branch  0 never executed
branch  1 never executed
        -: 1222:    {
    #####: 1223:      state->hand[ player ][ state->handCount[player] ] = supplyPos;
    #####: 1224:      state->handCount[player]++;
        -: 1225:    }
        -: 1226:  else
        -: 1227:    {
    #####: 1228:      state->discard[player][ state->discardCount[player] ] = supplyPos;
    #####: 1229:      state->discardCount[player]++;
        -: 1230:    }
        -: 1231:
        -: 1232:  //decrease number in supply pile
    #####: 1233:  state->supplyCount[supplyPos]--;
        -: 1234:
    #####: 1235:  return 0;
        -: 1236:}
        -: 1237:
function updateCoins called 15850 returned 100% blocks executed 82%
    15850: 1238:int updateCoins(int player, struct gameState *state, int bonus)
        -: 1239:{
        -: 1240:  int i;
        -: 1241:
        -: 1242:  //reset coin count
    15850: 1243:  state->coins = 0;
        -: 1244:
        -: 1245:  //add coins for each Treasure card in player's hand
    95100: 1246:  for (i = 0; i < state->handCount[player]; i++)
branch  0 taken 83%
branch  1 taken 17% (fallthrough)
        -: 1247:    {
    79250: 1248:      if (state->hand[player][i] == copper)
branch  0 taken 70% (fallthrough)
branch  1 taken 30%
        -: 1249:	{
    55375: 1250:	  state->coins += 1;
        -: 1251:	}
    23875: 1252:      else if (state->hand[player][i] == silver)
branch  0 taken 0% (fallthrough)
branch  1 taken 100%
        -: 1253:	{
    #####: 1254:	  state->coins += 2;
        -: 1255:	}
    23875: 1256:      else if (state->hand[player][i] == gold)
branch  0 taken 0% (fallthrough)
branch  1 taken 100%
        -: 1257:	{
    #####: 1258:	  state->coins += 3;
        -: 1259:	}
        -: 1260:    }
        -: 1261:
        -: 1262:  //add bonus
    15850: 1263:  state->coins += bonus;
        -: 1264:
    15850: 1265:  return 0;
        -: 1266:}
        -: 1267://end of dominion.c
        -: 1268:
        -: 1269:
        -: 1270:
        -: 1271:/** BEGIN FUNCTION DEFINITIONS FOR ASSIGNMENT 2 ******/
function smithyInternal called 0 returned 0% blocks executed 0%
    #####: 1272:int smithyInternal(struct gameState *state, int handPos){
        -: 1273:  // +3 Cards
    #####: 1274:  int currentPlayer = whoseTurn(state);
call    0 never executed
        -: 1275:  int i;
    #####: 1276:  for (i = 0; i < 3; i++){
branch  0 never executed
branch  1 never executed
    #####: 1277:    drawCard(currentPlayer, state);
call    0 never executed
        -: 1278:  }
        -: 1279:
        -: 1280:  // Discard card from hand
        -: 1281:  //discardCard(handPos, currentPlayer, state, 0);      / ** BUG: don't discard a card **/
    #####: 1282:  return 0;
        -: 1283:}
        -: 1284:
        -: 1285:
function adventurerInternal called 5925 returned 100% blocks executed 94%
     5925: 1286:int adventurerInternal(struct gameState *state){
        -: 1287:  int temphand[MAX_HAND];
        -: 1288:  int cardDrawn;
     5925: 1289:  int drawntreasure = 0;
     5925: 1290:  int z = 0;
     5925: 1291:  int currentPlayer = whoseTurn(state);
call    0 returned 100%
        -: 1292:
    19743: 1293:  while(drawntreasure<1){         /** BUG: only 1 treasure is drawn **/
branch  0 taken 57%
branch  1 taken 43% (fallthrough)
     7893: 1294:    if (state->deckCount[currentPlayer] <1){//if the deck is empty we need to shuffle discard and add to deck
branch  0 taken 0% (fallthrough)
branch  1 taken 100%
    #####: 1295:      shuffle(currentPlayer, state);
call    0 never executed
        -: 1296:    }
        -: 1297:
     7893: 1298:    drawCard(currentPlayer, state);
call    0 returned 100%
     7893: 1299:    cardDrawn = state->hand[currentPlayer][state->handCount[currentPlayer]-1];//top card of hand is most recently drawn card.
        -: 1300:
     7893: 1301:    if (cardDrawn == copper || cardDrawn == silver || cardDrawn == gold)
branch  0 taken 25% (fallthrough)
branch  1 taken 75%
branch  2 taken 100% (fallthrough)
branch  3 taken 0%
branch  4 taken 0% (fallthrough)
branch  5 taken 100%
     5925: 1302:      drawntreasure++;
        -: 1303:    else{
     1968: 1304:      temphand[z]=cardDrawn;
     1968: 1305:      state->handCount[currentPlayer]--; //this should just remove the top card (the most recently drawn one).
     1968: 1306:      z++;
        -: 1307:    }
        -: 1308:  }
        -: 1309:
    13818: 1310:  while(z-1>=0){
branch  0 taken 25%
branch  1 taken 75% (fallthrough)
     1968: 1311:    state->discard[currentPlayer][state->discardCount[currentPlayer]++]=temphand[z-1]; // discard all cards in play that have been drawn
     1968: 1312:    z=z-1;
        -: 1313:  }
        -: 1314:
     5925: 1315:  return 0;
        -: 1316:}
        -: 1317:
function council_roomInternal called 0 returned 0% blocks executed 0%
    #####: 1318:int council_roomInternal(struct gameState *state, int handPos){
    #####: 1319:  int currentPlayer = whoseTurn(state);
call    0 never executed
        -: 1320:  // +4 cards
        -: 1321:  int i;
    #####: 1322:  for (i = 0; i < 4; i++){
branch  0 never executed
branch  1 never executed
    #####: 1323:    drawCard(currentPlayer, state);
call    0 never executed
        -: 1324:  }
        -: 1325:  // +1 buy
    #####: 1326:  state->numBuys++;
        -: 1327:  // ea other player draws a card
    #####: 1328:  for (i = 1; i < state->numPlayers; i++){              /** BUG: i starts at 1, instead of 0. Someone does not get to draw. **/
branch  0 never executed
branch  1 never executed
    #####: 1329:    if (i != currentPlayer){
branch  0 never executed
branch  1 never executed
    #####: 1330:      drawCard(i, state);
call    0 never executed
        -: 1331:    }
        -: 1332:  }
        -: 1333:  // Put played card in played card pile
    #####: 1334:  discardCard(handPos, currentPlayer, state, 0);
call    0 never executed
        -: 1335:
    #####: 1336:  return 0;
        -: 1337:}
        -: 1338:
function stewardInternal called 0 returned 0% blocks executed 0%
    #####: 1339:int stewardInternal(struct gameState *state, int handPos, int choice1, int choice2, int choice3){
    #####: 1340:  int currentPlayer = whoseTurn(state);
call    0 never executed
    #####: 1341:  if (choice1 == 1){
branch  0 never executed
branch  1 never executed
        -: 1342:	  //+2 cards
    #####: 1343:	  drawCard(currentPlayer, state);                     /** BUG: only draw 1 card instead of 2 **/
call    0 never executed
        -: 1344:	  //drawCard(currentPlayer, state);
        -: 1345:	}
    #####: 1346:  else if (choice1 == 2){
branch  0 never executed
branch  1 never executed
        -: 1347:	  //+2 coins
    #####: 1348:	  state->coins = state->coins + 2;
        -: 1349:	}
        -: 1350:  else{
        -: 1351:	  //trash 2 cards in hand
    #####: 1352:	  discardCard(choice2, currentPlayer, state, 1);
call    0 never executed
    #####: 1353:	  discardCard(choice3, currentPlayer, state, 1);
call    0 never executed
        -: 1354:	}
        -: 1355:
        -: 1356:  //discard card from hand
    #####: 1357:  discardCard(handPos, currentPlayer, state, 0);
call    0 never executed
    #####: 1358:  return 0;
        -: 1359:}
        -: 1360:
function villageInternal called 0 returned 0% blocks executed 0%
    #####: 1361:int villageInternal(struct gameState *state, int handPos){
    #####: 1362:  int currentPlayer = whoseTurn(state);
call    0 never executed
        -: 1363:  // +1 Card
    #####: 1364:  drawCard(currentPlayer, state);
call    0 never executed
        -: 1365:
        -: 1366:  // +2 Actions
    #####: 1367:  state->numActions = state->numActions + 2;
        -: 1368:
        -: 1369:  // discard played card from hand
    #####: 1370:  discardCard(handPos, currentPlayer, state, 0);
call    0 never executed
        -: 1371:
    #####: 1372:  return 0;
        -: 1373:}
        -: 1374:
        -: 1375:/** END ASSIGNMENT 2 FUNCTIONS **/
